<?xml version="1.0" encoding="UTF-8"?>
<testng-results skipped="0" failed="0" total="1" passed="1">
  <reporter-output>
  </reporter-output>
  <suite name="Default suite" duration-ms="148351" started-at="2020-12-01T09:39:05Z" finished-at="2020-12-01T09:41:34Z">
    <groups>
    </groups>
    <test name="Default test" duration-ms="148351" started-at="2020-12-01T09:39:05Z" finished-at="2020-12-01T09:41:34Z">
      <class name="com.automation.DataDriven.TestScripts.Verify_Loan_Enquiry">
        <test-method status="PASS" signature="openBrowser(java.lang.String)[pri:0, instance:com.automation.DataDriven.TestScripts.Verify_Loan_Enquiry@527e5409]" name="openBrowser" is-config="true" duration-ms="10695" started-at="2020-12-01T15:08:55Z" finished-at="2020-12-01T15:09:05Z">
          <params>
            <param index="0">
              <value>
                <![CDATA[chrome]]>
              </value>
            </param>
          </params>
          <reporter-output>
          </reporter-output>
        </test-method> <!-- openBrowser -->
        <test-method status="PASS" signature="initReports()[pri:0, instance:com.automation.DataDriven.TestScripts.Verify_Loan_Enquiry@527e5409]" name="initReports" is-config="true" duration-ms="848" started-at="2020-12-01T15:09:05Z" finished-at="2020-12-01T15:09:06Z">
          <reporter-output>
          </reporter-output>
        </test-method> <!-- initReports -->
        <test-method status="PASS" signature="BeforeTCExecution(java.lang.reflect.Method)[pri:0, instance:com.automation.DataDriven.TestScripts.Verify_Loan_Enquiry@527e5409]" name="BeforeTCExecution" is-config="true" duration-ms="12" started-at="2020-12-01T15:09:06Z" finished-at="2020-12-01T15:09:06Z">
          <params>
            <param index="0">
              <value>
                <![CDATA[public void com.automation.DataDriven.TestScripts.Verify_Loan_Enquiry.homepage() throws java.lang.Exception]]>
              </value>
            </param>
          </params>
          <reporter-output>
          </reporter-output>
        </test-method> <!-- BeforeTCExecution -->
        <test-method status="PASS" signature="homepage()[pri:0, instance:com.automation.DataDriven.TestScripts.Verify_Loan_Enquiry@527e5409]" name="homepage" duration-ms="144338" started-at="2020-12-01T15:09:06Z" finished-at="2020-12-01T15:11:31Z">
          <reporter-output>
          </reporter-output>
        </test-method> <!-- homepage -->
        <test-method status="PASS" signature="AfterTCExcution(org.testng.ITestResult)[pri:0, instance:com.automation.DataDriven.TestScripts.Verify_Loan_Enquiry@527e5409]" name="AfterTCExcution" is-config="true" duration-ms="2624" started-at="2020-12-01T15:11:31Z" finished-at="2020-12-01T15:11:33Z">
          <params>
            <param index="0">
              <value>
                <![CDATA[[TestResult name=homepage status=SUCCESS method=Verify_Loan_Enquiry.homepage()[pri:0, instance:com.automation.DataDriven.TestScripts.Verify_Loan_Enquiry@527e5409] output={null}]]]>
              </value>
            </param>
          </params>
          <reporter-output>
          </reporter-output>
        </test-method> <!-- AfterTCExcution -->
        <test-method status="PASS" signature="quit()[pri:0, instance:com.automation.DataDriven.TestScripts.Verify_Loan_Enquiry@527e5409]" name="quit" is-config="true" duration-ms="293" started-at="2020-12-01T15:11:33Z" finished-at="2020-12-01T15:11:34Z">
          <reporter-output>
          </reporter-output>
        </test-method> <!-- quit -->
        <test-method status="PASS" signature="generateReports()[pri:0, instance:com.automation.DataDriven.TestScripts.Verify_Loan_Enquiry@527e5409]" name="generateReports" is-config="true" duration-ms="186" started-at="2020-12-01T15:11:34Z" finished-at="2020-12-01T15:11:34Z">
          <reporter-output>
          </reporter-output>
        </test-method> <!-- generateReports -->
        <test-method status="PASS" signature="getDriver()[pri:0, instance:com.automation.DataDriven.TestScripts.Verify_Loan_Enquiry@527e5409]" name="getDriver" is-config="true" duration-ms="0" started-at="2020-12-01T15:11:34Z" finished-at="2020-12-01T15:11:34Z">
          <reporter-output>
          </reporter-output>
        </test-method> <!-- getDriver -->
      </class> <!-- com.automation.DataDriven.TestScripts.Verify_Loan_Enquiry -->
    </test> <!-- Default test -->
  </suite> <!-- Default suite -->
</testng-results>
