<?xml version="1.0" encoding="UTF-8"?>
<!-- Generated by org.testng.reporters.JUnitXMLReporter -->
<testsuite hostname="DESKTOP-DR9DKED" name="Loanenquiry" tests="1" failures="1" timestamp="29 Nov 2020 04:07:13 GMT" time="0.4" errors="0">
  <testcase name="loan_enquiry" time="0.112" classname="com.automation.DataDriven.TestScripts.Loan_Enquiry">
    <failure type="org.openqa.selenium.WebDriverException" message="Returned value cannot be converted to WebElement: {stacktrace=Backtrace:
	Ordinal0 [0x0105ECE3+3337443]
	Ordinal0 [0x00F3F041+2158657]
	Ordinal0 [0x00DC6E50+618064]
	Ordinal0 [0x00D437ED+79853]
	Ordinal0 [0x00D618E7+202983]
	Ordinal0 [0x00D5F6F1+194289]
	Ordinal0 [0x00D5F325+193317]
	Ordinal0 [0x00D32244+8772]
	Ordinal0 [0x00D32746+10054]
	Ordinal0 [0x00D32DA1+11681]
	Ordinal0 [0x00F56F2C+2256684]
	GetHandleVerifier [0x011E2FAC+1478332]
	GetHandleVerifier [0x011E2AFD+1477133]
	GetHandleVerifier [0x011EAAD8+1509864]
	GetHandleVerifier [0x011E369E+1480110]
	Ordinal0 [0x00F4D6BD+2217661]
	Ordinal0 [0x00D31FB2+8114]
	Ordinal0 [0x00D31976+6518]
	GetHandleVerifier [0x013D0F3C+3501644]
	BaseThreadInitThunk [0x77526359+25]
	RtlGetAppContainerNamedObjectPath [0x77BF8944+228]
	RtlGetAppContainerNamedObjectPath [0x77BF8914+180]
, error=invalid session id, message=invalid session id}
Build info: version: &amp;apos;2.50.1&amp;apos;, revision: &amp;apos;d7fc91b29de65b790abb01f3ac5f7ea2191c88a7&amp;apos;, time: &amp;apos;2016-01-29 11:11:26&amp;apos;
System info: host: &amp;apos;DESKTOP-DR9DKED&amp;apos;, ip: &amp;apos;192.168.43.3&amp;apos;, os.name: &amp;apos;Windows 10&amp;apos;, os.arch: &amp;apos;amd64&amp;apos;, os.version: &amp;apos;10.0&amp;apos;, java.version: &amp;apos;1.8.0_251&amp;apos;
Driver info: driver.version: RemoteWebDriver">
      <![CDATA[org.openqa.selenium.WebDriverException: Returned value cannot be converted to WebElement: {stacktrace=Backtrace:
	Ordinal0 [0x0105ECE3+3337443]
	Ordinal0 [0x00F3F041+2158657]
	Ordinal0 [0x00DC6E50+618064]
	Ordinal0 [0x00D437ED+79853]
	Ordinal0 [0x00D618E7+202983]
	Ordinal0 [0x00D5F6F1+194289]
	Ordinal0 [0x00D5F325+193317]
	Ordinal0 [0x00D32244+8772]
	Ordinal0 [0x00D32746+10054]
	Ordinal0 [0x00D32DA1+11681]
	Ordinal0 [0x00F56F2C+2256684]
	GetHandleVerifier [0x011E2FAC+1478332]
	GetHandleVerifier [0x011E2AFD+1477133]
	GetHandleVerifier [0x011EAAD8+1509864]
	GetHandleVerifier [0x011E369E+1480110]
	Ordinal0 [0x00F4D6BD+2217661]
	Ordinal0 [0x00D31FB2+8114]
	Ordinal0 [0x00D31976+6518]
	GetHandleVerifier [0x013D0F3C+3501644]
	BaseThreadInitThunk [0x77526359+25]
	RtlGetAppContainerNamedObjectPath [0x77BF8944+228]
	RtlGetAppContainerNamedObjectPath [0x77BF8914+180]
, error=invalid session id, message=invalid session id}
Build info: version: '2.50.1', revision: 'd7fc91b29de65b790abb01f3ac5f7ea2191c88a7', time: '2016-01-29 11:11:26'
System info: host: 'DESKTOP-DR9DKED', ip: '192.168.43.3', os.name: 'Windows 10', os.arch: 'amd64', os.version: '10.0', java.version: '1.8.0_251'
Driver info: driver.version: RemoteWebDriver
	at org.openqa.selenium.remote.RemoteWebDriver.findElement(RemoteWebDriver.java:370)
	at org.openqa.selenium.remote.RemoteWebDriver.findElementById(RemoteWebDriver.java:413)
	at org.openqa.selenium.By$ById.findElement(By.java:218)
	at org.openqa.selenium.remote.RemoteWebDriver.findElement(RemoteWebDriver.java:355)
	at com.automation.DataDriven.TestScripts.Loan_Enquiry.loan_enquiry(Loan_Enquiry.java:21)
Caused by: java.lang.ClassCastException: com.google.common.collect.Maps$TransformedEntriesMap cannot be cast to org.openqa.selenium.WebElement
	at org.openqa.selenium.remote.RemoteWebDriver.findElement(RemoteWebDriver.java:368)
	... 28 more
... Removed 24 stack frames]]>
    </failure>
  </testcase> <!-- loan_enquiry -->
</testsuite> <!-- Loanenquiry -->
